2024-03-09 22:18:02 - INFO - ############ Starting scraping ############
2024-03-09 22:18:02 - INFO - ID: 0, docs already scraped for 0
2024-03-09 22:18:02 - INFO - ID: 1, docs already scraped for 1
2024-03-09 22:18:02 - INFO - ID: 2, docs already scraped for 2
2024-03-09 22:18:02 - INFO - ID: 3, docs already scraped for 3
2024-03-09 22:18:02 - INFO - ID: 4, docs already scraped for 4
2024-03-09 22:18:02 - INFO - ID: 5, docs already scraped for 5
2024-03-09 22:18:02 - INFO - ID: 6, docs already scraped for 6
2024-03-09 22:18:02 - INFO - ID: 7, docs already scraped for 7
2024-03-09 22:18:02 - INFO - ID: 8, docs already scraped for 8
2024-03-09 22:18:02 - INFO - ID: 9, docs already scraped for 9
2024-03-09 22:18:02 - INFO - ID: 10, docs already scraped for 10
2024-03-09 22:18:02 - INFO - ID: 11, docs already scraped for 11
2024-03-09 22:18:03 - INFO - ID: 12, docs already scraped for 12
2024-03-09 22:18:03 - INFO - ID: 13, docs already scraped for 13
2024-03-09 22:18:03 - INFO - ID: 14, docs already scraped for 14
2024-03-09 22:18:03 - INFO - ID: 15, docs already scraped for 15
2024-03-09 22:18:03 - INFO - ID: 16, docs already scraped for 16
2024-03-09 22:18:03 - INFO - ID: 17, docs already scraped for 17
2024-03-09 22:18:03 - INFO - ID: 18, docs already scraped for 18
2024-03-09 22:18:03 - INFO - ID: 19, docs already scraped for 19
2024-03-09 22:18:03 - INFO - ID: 20, docs already scraped for 20
2024-03-09 22:18:03 - INFO - ID: 21, docs already scraped for 21
2024-03-09 22:18:03 - INFO - ID: 22, docs already scraped for 22
2024-03-09 22:18:03 - INFO - ID: 23, docs already scraped for 23
2024-03-09 22:18:03 - INFO - ID: 24, docs already scraped for 24
2024-03-09 22:18:03 - INFO - ID: 25, docs already scraped for 25
2024-03-09 22:18:03 - INFO - ID: 26, docs already scraped for 26
2024-03-09 22:18:03 - INFO - ID: 27, docs already scraped for 27
2024-03-09 22:18:04 - INFO - ID: 28, docs already scraped for 28
2024-03-09 22:18:04 - INFO - ID: 29, docs already scraped for 29
2024-03-09 22:18:04 - INFO - ID: 30, docs already scraped for 30
2024-03-09 22:18:04 - INFO - ID: 31, docs already scraped for 31
2024-03-09 22:18:04 - INFO - ID: 32, docs already scraped for 32
2024-03-09 22:18:04 - INFO - ID: 33, docs already scraped for 33
2024-03-09 22:18:04 - INFO - ID: 34, docs already scraped for 34
2024-03-09 22:18:04 - INFO - ID: 35, docs already scraped for 35
2024-03-09 22:18:04 - INFO - ID: 36, docs already scraped for 36
2024-03-09 22:18:04 - INFO - ID: 37, docs already scraped for 37
2024-03-09 22:18:04 - INFO - ID: 38, docs already scraped for 38
2024-03-09 22:18:04 - INFO - ID: 39, docs already scraped for 39
2024-03-09 22:18:04 - INFO - ID: 40, docs already scraped for 40
2024-03-09 22:18:04 - INFO - ID: 41, docs already scraped for 41
2024-03-09 22:18:04 - INFO - ID: 42, docs already scraped for 42
2024-03-09 22:18:04 - INFO - ID: 43, docs already scraped for 43
2024-03-09 22:18:04 - INFO - ID: 44, docs already scraped for 44
2024-03-09 22:18:05 - INFO - ID: 45, docs already scraped for 45
2024-03-09 22:18:05 - INFO - ID: 46, docs already scraped for 46
2024-03-09 22:18:05 - INFO - ID: 47, docs already scraped for 47
2024-03-09 22:18:05 - INFO - ID: 48, docs already scraped for 48
2024-03-09 22:18:05 - INFO - ID: 49, docs already scraped for 49
2024-03-09 22:18:05 - INFO - ID: 50, docs already scraped for 50
2024-03-09 22:18:05 - INFO - ID: 51, docs already scraped for 51
2024-03-09 22:18:05 - INFO - ID: 52, docs already scraped for 52
2024-03-09 22:18:05 - INFO - ID: 53, docs already scraped for 53
2024-03-09 22:18:05 - INFO - ID: 54, docs already scraped for 54
2024-03-09 22:18:05 - INFO - ID: 55, docs already scraped for 55
2024-03-09 22:18:05 - INFO - ID: 56, docs already scraped for 56
2024-03-09 22:18:05 - INFO - ID: 57, docs already scraped for 57
2024-03-09 22:18:05 - INFO - ID: 58, docs already scraped for 58
2024-03-09 22:18:05 - INFO - ID: 59, docs already scraped for 59
2024-03-09 22:18:05 - INFO - ID: 60, docs already scraped for 60
2024-03-09 22:18:05 - INFO - ID: 61, docs already scraped for 61
2024-03-09 22:18:05 - INFO - ID: 62, docs already scraped for 62
2024-03-09 22:18:05 - INFO - ID: 63, docs already scraped for 63
2024-03-09 22:18:05 - INFO - ID: 64, docs already scraped for 64
2024-03-09 22:18:05 - INFO - ID: 65, docs already scraped for 65
2024-03-09 22:18:06 - INFO - ID: 66, docs already scraped for 66
2024-03-09 22:18:06 - WARNING - ID: 67: Expected 5000 documents, found 4363
2024-03-09 22:20:48 - INFO - ############ Starting scraping ############
2024-03-09 22:20:48 - INFO - ############ Starting dumping to local ############
2024-03-09 22:21:06 - INFO - ID: 0, 1, {'Total': 5000, 'Created Count': 400, 'Updated Count': 4600, 'Error Count': 0} dumped to local
2024-03-09 22:21:14 - INFO - ID: 1, 1, {'Total': 5000, 'Created Count': 0, 'Updated Count': 5000, 'Error Count': 0} dumped to local
2024-03-09 22:21:23 - INFO - ID: 2, 1, {'Total': 5000, 'Created Count': 0, 'Updated Count': 5000, 'Error Count': 0} dumped to local
2024-03-09 22:21:31 - ERROR - ID: 3, HTTPConnectionPool(host='127.0.0.1', port=8000): Max retries exceeded with url: /docs/api/mass-create-update (Caused by NewConnectionError('<urllib3.connection.HTTPConnection object at 0x0000015D57277650>: Failed to establish a new connection: [WinError 10061] No connection could be made because the target machine actively refused it'))
2024-03-09 22:21:31 - INFO - ############ Dumping to local completed ############
2024-03-09 22:21:31 - INFO - ############ Starting dumping to server ############
2024-03-09 22:23:01 - INFO - ############ Starting scraping ############
2024-03-09 22:23:01 - INFO - ############ Starting dumping to local ############
2024-03-09 22:23:09 - INFO - ID: 0, 1, {'Total': 5000, 'Created Count': 0, 'Updated Count': 5000, 'Error Count': 0} dumped to local
2024-03-09 22:23:18 - INFO - ID: 1, 1, {'Total': 5000, 'Created Count': 0, 'Updated Count': 5000, 'Error Count': 0} dumped to local
2024-03-09 22:23:28 - INFO - ID: 2, 1, {'Total': 5000, 'Created Count': 0, 'Updated Count': 5000, 'Error Count': 0} dumped to local
2024-03-09 22:23:36 - INFO - ID: 3, 1, {'Total': 5000, 'Created Count': 0, 'Updated Count': 5000, 'Error Count': 0} dumped to local
2024-03-09 22:23:45 - INFO - ID: 4, 1, {'Total': 5000, 'Created Count': 0, 'Updated Count': 5000, 'Error Count': 0} dumped to local
2024-03-09 22:23:54 - INFO - ID: 5, 1, {'Total': 5000, 'Created Count': 0, 'Updated Count': 5000, 'Error Count': 0} dumped to local
2024-03-09 22:24:03 - INFO - ID: 6, 1, {'Total': 5000, 'Created Count': 0, 'Updated Count': 5000, 'Error Count': 0} dumped to local
2024-03-09 22:24:13 - INFO - ID: 7, 1, {'Total': 5000, 'Created Count': 0, 'Updated Count': 5000, 'Error Count': 0} dumped to local
2024-03-09 22:24:22 - INFO - ID: 8, 1, {'Total': 5000, 'Created Count': 0, 'Updated Count': 5000, 'Error Count': 0} dumped to local
2024-03-09 22:24:31 - INFO - ID: 9, 1, {'Total': 5000, 'Created Count': 0, 'Updated Count': 5000, 'Error Count': 0} dumped to local
2024-03-09 22:24:40 - INFO - ID: 10, 1, {'Total': 5000, 'Created Count': 0, 'Updated Count': 5000, 'Error Count': 0} dumped to local
2024-03-09 22:24:48 - INFO - ID: 11, 1, {'Total': 5000, 'Created Count': 0, 'Updated Count': 5000, 'Error Count': 0} dumped to local
2024-03-09 22:24:56 - INFO - ID: 12, 1, {'Total': 5000, 'Created Count': 0, 'Updated Count': 5000, 'Error Count': 0} dumped to local
2024-03-09 22:25:04 - INFO - ID: 13, 1, {'Total': 5000, 'Created Count': 0, 'Updated Count': 5000, 'Error Count': 0} dumped to local
2024-03-09 22:25:12 - INFO - ID: 14, 1, {'Total': 5000, 'Created Count': 0, 'Updated Count': 5000, 'Error Count': 0} dumped to local
2024-03-09 22:25:20 - INFO - ID: 15, 1, {'Total': 5000, 'Created Count': 0, 'Updated Count': 5000, 'Error Count': 0} dumped to local
2024-03-09 22:25:29 - INFO - ID: 16, 1, {'Total': 5000, 'Created Count': 0, 'Updated Count': 5000, 'Error Count': 0} dumped to local
2024-03-09 22:25:37 - INFO - ID: 17, 1, {'Total': 5000, 'Created Count': 0, 'Updated Count': 5000, 'Error Count': 0} dumped to local
2024-03-09 22:25:44 - INFO - ID: 18, 1, {'Total': 5000, 'Created Count': 0, 'Updated Count': 5000, 'Error Count': 0} dumped to local
2024-03-09 22:25:52 - INFO - ID: 19, 1, {'Total': 5000, 'Created Count': 0, 'Updated Count': 5000, 'Error Count': 0} dumped to local
2024-03-09 22:26:00 - INFO - ID: 20, 1, {'Total': 5000, 'Created Count': 0, 'Updated Count': 5000, 'Error Count': 0} dumped to local
2024-03-09 22:26:09 - INFO - ID: 21, 1, {'Total': 5000, 'Created Count': 0, 'Updated Count': 5000, 'Error Count': 0} dumped to local
2024-03-09 22:26:17 - INFO - ID: 22, 1, {'Total': 5000, 'Created Count': 0, 'Updated Count': 5000, 'Error Count': 0} dumped to local
2024-03-09 22:26:25 - INFO - ID: 23, 1, {'Total': 5000, 'Created Count': 0, 'Updated Count': 5000, 'Error Count': 0} dumped to local
2024-03-09 22:26:34 - INFO - ID: 24, 1, {'Total': 5000, 'Created Count': 0, 'Updated Count': 5000, 'Error Count': 0} dumped to local
2024-03-09 22:26:42 - INFO - ID: 25, 1, {'Total': 5000, 'Created Count': 0, 'Updated Count': 5000, 'Error Count': 0} dumped to local
2024-03-09 22:26:51 - INFO - ID: 26, 1, {'Total': 5000, 'Created Count': 0, 'Updated Count': 5000, 'Error Count': 0} dumped to local
2024-03-09 22:27:00 - INFO - ID: 27, 1, {'Total': 5000, 'Created Count': 0, 'Updated Count': 5000, 'Error Count': 0} dumped to local
2024-03-09 22:27:08 - INFO - ID: 28, 1, {'Total': 5000, 'Created Count': 0, 'Updated Count': 5000, 'Error Count': 0} dumped to local
2024-03-09 22:27:16 - INFO - ID: 29, 1, {'Total': 5000, 'Created Count': 0, 'Updated Count': 5000, 'Error Count': 0} dumped to local
2024-03-09 22:27:25 - INFO - ID: 30, 1, {'Total': 5000, 'Created Count': 0, 'Updated Count': 5000, 'Error Count': 0} dumped to local
2024-03-09 22:27:34 - INFO - ID: 31, 1, {'Total': 5000, 'Created Count': 0, 'Updated Count': 5000, 'Error Count': 0} dumped to local
2024-03-09 22:27:42 - INFO - ID: 32, 1, {'Total': 5000, 'Created Count': 0, 'Updated Count': 5000, 'Error Count': 0} dumped to local
2024-03-09 22:27:51 - INFO - ID: 33, 1, {'Total': 5000, 'Created Count': 0, 'Updated Count': 5000, 'Error Count': 0} dumped to local
2024-03-09 22:27:59 - INFO - ID: 34, 1, {'Total': 5000, 'Created Count': 0, 'Updated Count': 5000, 'Error Count': 0} dumped to local
2024-03-09 22:29:59 - INFO - ID: 35, 1, {'Total': 5000, 'Created Count': 5000, 'Updated Count': 0, 'Error Count': 0} dumped to local
2024-03-09 22:31:40 - INFO - ID: 36, 1, {'Total': 5000, 'Created Count': 5000, 'Updated Count': 0, 'Error Count': 0} dumped to local
2024-03-09 22:33:20 - INFO - ID: 37, 1, {'Total': 5000, 'Created Count': 5000, 'Updated Count': 0, 'Error Count': 0} dumped to local
2024-03-09 22:34:55 - INFO - ID: 38, 1, {'Total': 5000, 'Created Count': 5000, 'Updated Count': 0, 'Error Count': 0} dumped to local
2024-03-09 22:36:22 - INFO - ID: 39, 1, {'Total': 5000, 'Created Count': 5000, 'Updated Count': 0, 'Error Count': 0} dumped to local
2024-03-09 22:37:49 - INFO - ID: 40, 1, {'Total': 5000, 'Created Count': 5000, 'Updated Count': 0, 'Error Count': 0} dumped to local
2024-03-09 22:37:57 - INFO - ID: 41, 1, {'Total': 5000, 'Created Count': 0, 'Updated Count': 5000, 'Error Count': 0} dumped to local
2024-03-09 22:38:05 - INFO - ID: 42, 1, {'Total': 5000, 'Created Count': 0, 'Updated Count': 5000, 'Error Count': 0} dumped to local
2024-03-09 22:38:13 - INFO - ID: 43, 1, {'Total': 5000, 'Created Count': 0, 'Updated Count': 5000, 'Error Count': 0} dumped to local
2024-03-09 22:38:21 - INFO - ID: 44, 1, {'Total': 5000, 'Created Count': 0, 'Updated Count': 5000, 'Error Count': 0} dumped to local
2024-03-09 22:38:30 - INFO - ID: 45, 1, {'Total': 5000, 'Created Count': 0, 'Updated Count': 5000, 'Error Count': 0} dumped to local
2024-03-09 22:38:37 - INFO - ID: 46, 1, {'Total': 5000, 'Created Count': 0, 'Updated Count': 5000, 'Error Count': 0} dumped to local
2024-03-09 22:38:46 - INFO - ID: 47, 1, {'Total': 5000, 'Created Count': 0, 'Updated Count': 5000, 'Error Count': 0} dumped to local
2024-03-09 22:38:54 - INFO - ID: 48, 1, {'Total': 5000, 'Created Count': 0, 'Updated Count': 5000, 'Error Count': 0} dumped to local
2024-03-09 22:39:02 - INFO - ID: 49, 1, {'Total': 5000, 'Created Count': 0, 'Updated Count': 5000, 'Error Count': 0} dumped to local
2024-03-09 22:39:10 - INFO - ID: 50, 1, {'Total': 5000, 'Created Count': 0, 'Updated Count': 5000, 'Error Count': 0} dumped to local
2024-03-09 22:39:18 - INFO - ID: 51, 1, {'Total': 5000, 'Created Count': 0, 'Updated Count': 5000, 'Error Count': 0} dumped to local
2024-03-09 22:39:26 - INFO - ID: 52, 1, {'Total': 5000, 'Created Count': 0, 'Updated Count': 5000, 'Error Count': 0} dumped to local
2024-03-09 22:39:34 - INFO - ID: 53, 1, {'Total': 5000, 'Created Count': 0, 'Updated Count': 5000, 'Error Count': 0} dumped to local
2024-03-09 22:39:42 - INFO - ID: 54, 1, {'Total': 4999, 'Created Count': 0, 'Updated Count': 4999, 'Error Count': 1} dumped to local
2024-03-09 22:39:50 - INFO - ID: 55, 1, {'Total': 5000, 'Created Count': 0, 'Updated Count': 5000, 'Error Count': 0} dumped to local
2024-03-09 22:39:59 - INFO - ID: 56, 1, {'Total': 5000, 'Created Count': 0, 'Updated Count': 5000, 'Error Count': 0} dumped to local
2024-03-09 22:40:08 - INFO - ID: 57, 1, {'Total': 5000, 'Created Count': 0, 'Updated Count': 5000, 'Error Count': 0} dumped to local
2024-03-09 22:40:16 - INFO - ID: 58, 1, {'Total': 5000, 'Created Count': 0, 'Updated Count': 5000, 'Error Count': 0} dumped to local
2024-03-09 22:40:24 - INFO - ID: 59, 1, {'Total': 5000, 'Created Count': 0, 'Updated Count': 5000, 'Error Count': 0} dumped to local
2024-03-09 22:41:41 - INFO - ID: 60, 1, {'Total': 5000, 'Created Count': 5000, 'Updated Count': 0, 'Error Count': 0} dumped to local
2024-03-09 22:43:04 - INFO - ID: 61, 1, {'Total': 5000, 'Created Count': 5000, 'Updated Count': 0, 'Error Count': 0} dumped to local
2024-03-09 22:44:26 - INFO - ID: 62, 1, {'Total': 5000, 'Created Count': 5000, 'Updated Count': 0, 'Error Count': 0} dumped to local
2024-03-09 22:45:35 - INFO - ID: 63, 1, {'Total': 5000, 'Created Count': 5000, 'Updated Count': 0, 'Error Count': 0} dumped to local
2024-03-09 22:45:42 - INFO - ID: 64, 1, {'Total': 5000, 'Created Count': 0, 'Updated Count': 5000, 'Error Count': 0} dumped to local
2024-03-09 22:45:51 - INFO - ID: 65, 1, {'Total': 5000, 'Created Count': 0, 'Updated Count': 5000, 'Error Count': 0} dumped to local
2024-03-09 22:45:58 - INFO - ID: 66, 1, {'Total': 5000, 'Created Count': 0, 'Updated Count': 5000, 'Error Count': 0} dumped to local
2024-03-09 22:46:06 - INFO - ID: 67, 1, {'Total': 4363, 'Created Count': 0, 'Updated Count': 4363, 'Error Count': 0} dumped to local
2024-03-09 22:46:06 - INFO - ############ Dumping to local completed ############
2024-03-09 22:46:06 - INFO - ############ Starting dumping to server ############
2024-03-09 22:49:04 - INFO - ID: 0, 1, {'Total': 5000, 'Created Count': 0, 'Updated Count': 5000, 'Error Count': 0} dumped to server
2024-03-09 22:52:03 - INFO - ID: 1, 1, {'Total': 5000, 'Created Count': 0, 'Updated Count': 5000, 'Error Count': 0} dumped to server
2024-03-09 22:55:25 - INFO - ID: 2, 1, {'Total': 5000, 'Created Count': 0, 'Updated Count': 5000, 'Error Count': 0} dumped to server
2024-03-09 22:58:20 - INFO - ID: 3, 1, {'Total': 5000, 'Created Count': 0, 'Updated Count': 5000, 'Error Count': 0} dumped to server
2024-03-09 23:01:11 - INFO - ID: 4, 1, {'Total': 5000, 'Created Count': 0, 'Updated Count': 5000, 'Error Count': 0} dumped to server
2024-03-09 23:04:07 - INFO - ID: 5, 1, {'Total': 5000, 'Created Count': 0, 'Updated Count': 5000, 'Error Count': 0} dumped to server
2024-03-09 23:07:01 - INFO - ID: 6, 1, {'Total': 5000, 'Created Count': 0, 'Updated Count': 5000, 'Error Count': 0} dumped to server
2024-03-09 23:09:51 - INFO - ID: 7, 1, {'Total': 5000, 'Created Count': 0, 'Updated Count': 5000, 'Error Count': 0} dumped to server
2024-03-09 23:12:38 - INFO - ID: 8, 1, {'Total': 5000, 'Created Count': 0, 'Updated Count': 5000, 'Error Count': 0} dumped to server
2024-03-09 23:16:07 - INFO - ID: 9, 1, {'Total': 5000, 'Created Count': 0, 'Updated Count': 5000, 'Error Count': 0} dumped to server
2024-03-09 23:19:44 - INFO - ID: 10, 1, {'Total': 5000, 'Created Count': 0, 'Updated Count': 5000, 'Error Count': 0} dumped to server
2024-03-09 23:23:40 - INFO - ID: 11, 1, {'Total': 5000, 'Created Count': 0, 'Updated Count': 5000, 'Error Count': 0} dumped to server
2024-03-09 23:27:03 - INFO - ID: 12, 1, {'Total': 5000, 'Created Count': 0, 'Updated Count': 5000, 'Error Count': 0} dumped to server
2024-03-09 23:30:12 - INFO - ID: 13, 1, {'Total': 5000, 'Created Count': 0, 'Updated Count': 5000, 'Error Count': 0} dumped to server
2024-03-09 23:33:15 - INFO - ID: 14, 1, {'Total': 5000, 'Created Count': 0, 'Updated Count': 5000, 'Error Count': 0} dumped to server
2024-03-09 23:36:02 - INFO - ID: 15, 1, {'Total': 5000, 'Created Count': 0, 'Updated Count': 5000, 'Error Count': 0} dumped to server
2024-03-09 23:38:46 - INFO - ID: 16, 1, {'Total': 5000, 'Created Count': 0, 'Updated Count': 5000, 'Error Count': 0} dumped to server
2024-03-09 23:41:36 - INFO - ID: 17, 1, {'Total': 5000, 'Created Count': 0, 'Updated Count': 5000, 'Error Count': 0} dumped to server
2024-03-09 23:44:21 - INFO - ID: 18, 1, {'Total': 5000, 'Created Count': 0, 'Updated Count': 5000, 'Error Count': 0} dumped to server
2024-03-09 23:47:03 - INFO - ID: 19, 1, {'Total': 5000, 'Created Count': 0, 'Updated Count': 5000, 'Error Count': 0} dumped to server
2024-03-09 23:49:42 - INFO - ID: 20, 1, {'Total': 5000, 'Created Count': 0, 'Updated Count': 5000, 'Error Count': 0} dumped to server
2024-03-09 23:52:23 - INFO - ID: 21, 1, {'Total': 5000, 'Created Count': 0, 'Updated Count': 5000, 'Error Count': 0} dumped to server
2024-03-09 23:55:08 - INFO - ID: 22, 1, {'Total': 5000, 'Created Count': 0, 'Updated Count': 5000, 'Error Count': 0} dumped to server
2024-03-09 23:57:50 - INFO - ID: 23, 1, {'Total': 5000, 'Created Count': 0, 'Updated Count': 5000, 'Error Count': 0} dumped to server
2024-03-10 00:00:25 - INFO - ID: 24, 1, {'Total': 5000, 'Created Count': 0, 'Updated Count': 5000, 'Error Count': 0} dumped to server
2024-03-10 00:03:05 - INFO - ID: 25, 1, {'Total': 5000, 'Created Count': 0, 'Updated Count': 5000, 'Error Count': 0} dumped to server
2024-03-10 00:05:45 - INFO - ID: 26, 1, {'Total': 5000, 'Created Count': 0, 'Updated Count': 5000, 'Error Count': 0} dumped to server
2024-03-10 00:08:30 - INFO - ID: 27, 1, {'Total': 5000, 'Created Count': 0, 'Updated Count': 5000, 'Error Count': 0} dumped to server
2024-03-10 00:11:09 - INFO - ID: 28, 1, {'Total': 5000, 'Created Count': 0, 'Updated Count': 5000, 'Error Count': 0} dumped to server
2024-03-10 00:13:49 - INFO - ID: 29, 1, {'Total': 5000, 'Created Count': 0, 'Updated Count': 5000, 'Error Count': 0} dumped to server
2024-03-10 00:16:29 - INFO - ID: 30, 1, {'Total': 5000, 'Created Count': 0, 'Updated Count': 5000, 'Error Count': 0} dumped to server
2024-03-10 00:19:11 - INFO - ID: 31, 1, {'Total': 5000, 'Created Count': 0, 'Updated Count': 5000, 'Error Count': 0} dumped to server
2024-03-10 00:21:51 - INFO - ID: 32, 1, {'Total': 5000, 'Created Count': 0, 'Updated Count': 5000, 'Error Count': 0} dumped to server
2024-03-10 00:24:35 - INFO - ID: 33, 1, {'Total': 5000, 'Created Count': 0, 'Updated Count': 5000, 'Error Count': 0} dumped to server
2024-03-10 00:27:23 - INFO - ID: 34, 1, {'Total': 5000, 'Created Count': 0, 'Updated Count': 5000, 'Error Count': 0} dumped to server
2024-03-10 00:30:27 - INFO - ID: 35, 1, {'Total': 5000, 'Created Count': 0, 'Updated Count': 5000, 'Error Count': 0} dumped to server
2024-03-10 00:33:29 - INFO - ID: 36, 1, {'Total': 5000, 'Created Count': 0, 'Updated Count': 5000, 'Error Count': 0} dumped to server
2024-03-10 00:36:28 - INFO - ID: 37, 1, {'Total': 5000, 'Created Count': 0, 'Updated Count': 5000, 'Error Count': 0} dumped to server
2024-03-10 00:39:25 - INFO - ID: 38, 1, {'Total': 5000, 'Created Count': 0, 'Updated Count': 5000, 'Error Count': 0} dumped to server
2024-03-10 00:42:21 - INFO - ID: 39, 1, {'Total': 5000, 'Created Count': 0, 'Updated Count': 5000, 'Error Count': 0} dumped to server
2024-03-10 00:45:18 - INFO - ID: 40, 1, {'Total': 5000, 'Created Count': 0, 'Updated Count': 5000, 'Error Count': 0} dumped to server
2024-03-10 00:47:54 - INFO - ID: 41, 1, {'Total': 5000, 'Created Count': 0, 'Updated Count': 5000, 'Error Count': 0} dumped to server
2024-03-10 00:50:30 - INFO - ID: 42, 1, {'Total': 5000, 'Created Count': 0, 'Updated Count': 5000, 'Error Count': 0} dumped to server
2024-03-10 00:53:07 - INFO - ID: 43, 1, {'Total': 5000, 'Created Count': 0, 'Updated Count': 5000, 'Error Count': 0} dumped to server
2024-03-10 00:55:48 - INFO - ID: 44, 1, {'Total': 5000, 'Created Count': 0, 'Updated Count': 5000, 'Error Count': 0} dumped to server
2024-03-10 00:58:29 - INFO - ID: 45, 1, {'Total': 5000, 'Created Count': 0, 'Updated Count': 5000, 'Error Count': 0} dumped to server
2024-03-10 01:01:13 - INFO - ID: 46, 1, {'Total': 5000, 'Created Count': 0, 'Updated Count': 5000, 'Error Count': 0} dumped to server
2024-03-10 01:03:54 - INFO - ID: 47, 1, {'Total': 5000, 'Created Count': 0, 'Updated Count': 5000, 'Error Count': 0} dumped to server
2024-03-10 01:06:31 - INFO - ID: 48, 1, {'Total': 5000, 'Created Count': 0, 'Updated Count': 5000, 'Error Count': 0} dumped to server
2024-03-10 01:09:04 - INFO - ID: 49, 1, {'Total': 5000, 'Created Count': 0, 'Updated Count': 5000, 'Error Count': 0} dumped to server
2024-03-10 01:11:38 - INFO - ID: 50, 1, {'Total': 5000, 'Created Count': 0, 'Updated Count': 5000, 'Error Count': 0} dumped to server
2024-03-10 01:14:11 - INFO - ID: 51, 1, {'Total': 5000, 'Created Count': 0, 'Updated Count': 5000, 'Error Count': 0} dumped to server
2024-03-10 01:16:47 - INFO - ID: 52, 1, {'Total': 5000, 'Created Count': 0, 'Updated Count': 5000, 'Error Count': 0} dumped to server
2024-03-10 01:19:21 - INFO - ID: 53, 1, {'Total': 5000, 'Created Count': 0, 'Updated Count': 5000, 'Error Count': 0} dumped to server
2024-03-10 01:22:01 - INFO - ID: 54, 1, {'Total': 5000, 'Created Count': 0, 'Updated Count': 5000, 'Error Count': 0} dumped to server
2024-03-10 01:24:39 - INFO - ID: 55, 1, {'Total': 5000, 'Created Count': 0, 'Updated Count': 5000, 'Error Count': 0} dumped to server
2024-03-10 01:27:13 - INFO - ID: 56, 1, {'Total': 5000, 'Created Count': 0, 'Updated Count': 5000, 'Error Count': 0} dumped to server
2024-03-10 01:29:51 - INFO - ID: 57, 1, {'Total': 5000, 'Created Count': 0, 'Updated Count': 5000, 'Error Count': 0} dumped to server
2024-03-10 01:32:27 - INFO - ID: 58, 1, {'Total': 5000, 'Created Count': 0, 'Updated Count': 5000, 'Error Count': 0} dumped to server
2024-03-10 01:35:04 - INFO - ID: 59, 1, {'Total': 5000, 'Created Count': 0, 'Updated Count': 5000, 'Error Count': 0} dumped to server
2024-03-10 01:37:58 - INFO - ID: 60, 1, {'Total': 5000, 'Created Count': 0, 'Updated Count': 5000, 'Error Count': 0} dumped to server
2024-03-10 01:40:51 - INFO - ID: 61, 1, {'Total': 5000, 'Created Count': 0, 'Updated Count': 5000, 'Error Count': 0} dumped to server
2024-03-10 01:43:45 - INFO - ID: 62, 1, {'Total': 5000, 'Created Count': 0, 'Updated Count': 5000, 'Error Count': 0} dumped to server
2024-03-10 01:46:36 - INFO - ID: 63, 1, {'Total': 5000, 'Created Count': 0, 'Updated Count': 5000, 'Error Count': 0} dumped to server
2024-03-10 01:49:10 - INFO - ID: 64, 1, {'Total': 5000, 'Created Count': 0, 'Updated Count': 5000, 'Error Count': 0} dumped to server
2024-03-10 01:51:49 - INFO - ID: 65, 1, {'Total': 5000, 'Created Count': 0, 'Updated Count': 5000, 'Error Count': 0} dumped to server
2024-03-10 01:54:26 - INFO - ID: 66, 1, {'Total': 5000, 'Created Count': 0, 'Updated Count': 5000, 'Error Count': 0} dumped to server
2024-03-10 01:56:48 - INFO - ID: 67, 1, {'Total': 4363, 'Created Count': 0, 'Updated Count': 4363, 'Error Count': 0} dumped to server
2024-03-10 01:56:48 - INFO - ############ Dumping to server completed ############
